mode: count
github.com/uclaacm/teach-la-go-backend/httpext/requests.go:16.58,18.17 2 2
github.com/uclaacm/teach-la-go-backend/httpext/requests.go:21.2,21.56 1 2
github.com/uclaacm/teach-la-go-backend/httpext/requests.go:28.2,28.12 1 1
github.com/uclaacm/teach-la-go-backend/httpext/requests.go:18.17,20.3 1 0
github.com/uclaacm/teach-la-go-backend/httpext/requests.go:21.56,23.3 1 0
github.com/uclaacm/teach-la-go-backend/httpext/requests.go:23.8,23.32 1 2
github.com/uclaacm/teach-la-go-backend/httpext/requests.go:23.32,25.3 1 1
github.com/uclaacm/teach-la-go-backend/httpext/requests.go:25.8,25.60 1 1
github.com/uclaacm/teach-la-go-backend/httpext/requests.go:25.60,27.3 1 0
github.com/uclaacm/teach-la-go-backend/db/db.go:20.57,21.15 1 15
github.com/uclaacm/teach-la-go-backend/db/db.go:27.2,29.16 3 1
github.com/uclaacm/teach-la-go-backend/db/db.go:34.2,35.33 2 1
github.com/uclaacm/teach-la-go-backend/db/db.go:21.15,23.3 1 14
github.com/uclaacm/teach-la-go-backend/db/db.go:29.16,31.3 1 0
github.com/uclaacm/teach-la-go-backend/db/db.go:41.66,44.16 3 0
github.com/uclaacm/teach-la-go-backend/db/db.go:48.2,49.33 2 0
github.com/uclaacm/teach-la-go-backend/db/db.go:44.16,46.3 1 0
github.com/uclaacm/teach-la-go-backend/db/program.go:29.63,30.18 1 0
github.com/uclaacm/teach-la-go-backend/db/program.go:33.2,33.22 1 0
github.com/uclaacm/teach-la-go-backend/db/program.go:36.2,36.18 1 0
github.com/uclaacm/teach-la-go-backend/db/program.go:39.2,39.22 1 0
github.com/uclaacm/teach-la-go-backend/db/program.go:43.2,43.8 1 0
github.com/uclaacm/teach-la-go-backend/db/program.go:30.18,32.3 1 0
github.com/uclaacm/teach-la-go-backend/db/program.go:33.22,35.3 1 0
github.com/uclaacm/teach-la-go-backend/db/program.go:36.18,38.3 1 0
github.com/uclaacm/teach-la-go-backend/db/program.go:39.22,41.3 1 0
github.com/uclaacm/teach-la-go-backend/db/program.go:51.47,53.15 2 0
github.com/uclaacm/teach-la-go-backend/db/program.go:58.2,61.16 4 0
github.com/uclaacm/teach-la-go-backend/db/program.go:64.2,64.39 1 0
github.com/uclaacm/teach-la-go-backend/db/program.go:69.2,70.34 2 0
github.com/uclaacm/teach-la-go-backend/db/program.go:53.15,55.3 1 0
github.com/uclaacm/teach-la-go-backend/db/program.go:61.16,63.3 1 0
github.com/uclaacm/teach-la-go-backend/db/program.go:64.39,66.3 1 0
github.com/uclaacm/teach-la-go-backend/db/program.go:85.50,90.66 2 0
github.com/uclaacm/teach-la-go-backend/db/program.go:93.2,93.20 1 0
github.com/uclaacm/teach-la-go-backend/db/program.go:97.2,97.108 1 0
github.com/uclaacm/teach-la-go-backend/db/program.go:128.2,128.16 1 0
github.com/uclaacm/teach-la-go-backend/db/program.go:135.2,135.36 1 0
github.com/uclaacm/teach-la-go-backend/db/program.go:90.66,92.3 1 0
github.com/uclaacm/teach-la-go-backend/db/program.go:93.20,95.3 1 0
github.com/uclaacm/teach-la-go-backend/db/program.go:97.108,99.17 2 0
github.com/uclaacm/teach-la-go-backend/db/program.go:102.3,103.46 2 0
github.com/uclaacm/teach-la-go-backend/db/program.go:107.3,107.36 1 0
github.com/uclaacm/teach-la-go-backend/db/program.go:126.3,126.13 1 0
github.com/uclaacm/teach-la-go-backend/db/program.go:99.17,101.4 1 0
github.com/uclaacm/teach-la-go-backend/db/program.go:103.46,105.4 1 0
github.com/uclaacm/teach-la-go-backend/db/program.go:107.36,110.44 2 0
github.com/uclaacm/teach-la-go-backend/db/program.go:116.4,116.18 1 0
github.com/uclaacm/teach-la-go-backend/db/program.go:121.4,122.65 2 0
github.com/uclaacm/teach-la-go-backend/db/program.go:110.44,111.23 1 0
github.com/uclaacm/teach-la-go-backend/db/program.go:111.23,113.11 2 0
github.com/uclaacm/teach-la-go-backend/db/program.go:116.18,118.5 1 0
github.com/uclaacm/teach-la-go-backend/db/program.go:122.65,124.5 1 0
github.com/uclaacm/teach-la-go-backend/db/program.go:128.16,129.41 1 0
github.com/uclaacm/teach-la-go-backend/db/program.go:132.3,132.117 1 0
github.com/uclaacm/teach-la-go-backend/db/program.go:129.41,131.4 1 0
github.com/uclaacm/teach-la-go-backend/db/program.go:154.50,160.73 2 0
github.com/uclaacm/teach-la-go-backend/db/program.go:165.2,166.18 2 0
github.com/uclaacm/teach-la-go-backend/db/program.go:171.2,171.83 1 0
github.com/uclaacm/teach-la-go-backend/db/program.go:174.2,177.33 2 0
github.com/uclaacm/teach-la-go-backend/db/program.go:182.2,182.33 1 0
github.com/uclaacm/teach-la-go-backend/db/program.go:186.2,189.15 4 0
github.com/uclaacm/teach-la-go-backend/db/program.go:203.2,203.108 1 0
github.com/uclaacm/teach-la-go-backend/db/program.go:237.2,237.16 1 0
github.com/uclaacm/teach-la-go-backend/db/program.go:244.2,244.38 1 0
github.com/uclaacm/teach-la-go-backend/db/program.go:160.73,162.3 1 0
github.com/uclaacm/teach-la-go-backend/db/program.go:166.18,168.3 1 0
github.com/uclaacm/teach-la-go-backend/db/program.go:171.83,173.3 1 0
github.com/uclaacm/teach-la-go-backend/db/program.go:177.33,179.3 1 0
github.com/uclaacm/teach-la-go-backend/db/program.go:182.33,184.3 1 0
github.com/uclaacm/teach-la-go-backend/db/program.go:189.15,192.17 3 0
github.com/uclaacm/teach-la-go-backend/db/program.go:196.3,197.17 2 0
github.com/uclaacm/teach-la-go-backend/db/program.go:192.17,194.4 1 0
github.com/uclaacm/teach-la-go-backend/db/program.go:197.17,199.4 1 0
github.com/uclaacm/teach-la-go-backend/db/program.go:203.108,210.17 4 0
github.com/uclaacm/teach-la-go-backend/db/program.go:213.3,214.40 2 0
github.com/uclaacm/teach-la-go-backend/db/program.go:217.3,218.16 2 0
github.com/uclaacm/teach-la-go-backend/db/program.go:229.3,229.41 1 0
github.com/uclaacm/teach-la-go-backend/db/program.go:233.3,235.28 2 0
github.com/uclaacm/teach-la-go-backend/db/program.go:210.17,212.4 1 0
github.com/uclaacm/teach-la-go-backend/db/program.go:214.40,216.4 1 0
github.com/uclaacm/teach-la-go-backend/db/program.go:218.16,225.18 4 0
github.com/uclaacm/teach-la-go-backend/db/program.go:225.18,227.5 1 0
github.com/uclaacm/teach-la-go-backend/db/program.go:229.41,231.4 1 0
github.com/uclaacm/teach-la-go-backend/db/program.go:237.16,238.41 1 0
github.com/uclaacm/teach-la-go-backend/db/program.go:241.3,241.135 1 0
github.com/uclaacm/teach-la-go-backend/db/program.go:238.41,240.4 1 0
github.com/uclaacm/teach-la-go-backend/db/program.go:256.50,262.65 2 0
github.com/uclaacm/teach-la-go-backend/db/program.go:265.2,265.36 1 0
github.com/uclaacm/teach-la-go-backend/db/program.go:269.2,269.108 1 0
github.com/uclaacm/teach-la-go-backend/db/program.go:325.2,325.16 1 0
github.com/uclaacm/teach-la-go-backend/db/program.go:332.2,332.36 1 0
github.com/uclaacm/teach-la-go-backend/db/program.go:262.65,264.3 1 0
github.com/uclaacm/teach-la-go-backend/db/program.go:265.36,267.3 1 0
github.com/uclaacm/teach-la-go-backend/db/program.go:269.108,273.17 3 0
github.com/uclaacm/teach-la-go-backend/db/program.go:276.3,277.48 2 0
github.com/uclaacm/teach-la-go-backend/db/program.go:282.3,283.38 2 0
github.com/uclaacm/teach-la-go-backend/db/program.go:289.3,289.35 1 0
github.com/uclaacm/teach-la-go-backend/db/program.go:292.3,299.17 5 0
github.com/uclaacm/teach-la-go-backend/db/program.go:302.3,303.51 2 0
github.com/uclaacm/teach-la-go-backend/db/program.go:306.3,306.27 1 0
github.com/uclaacm/teach-la-go-backend/db/program.go:320.3,320.48 1 0
github.com/uclaacm/teach-la-go-backend/db/program.go:323.3,323.25 1 0
github.com/uclaacm/teach-la-go-backend/db/program.go:273.17,275.4 1 0
github.com/uclaacm/teach-la-go-backend/db/program.go:277.48,279.4 1 0
github.com/uclaacm/teach-la-go-backend/db/program.go:283.38,284.20 1 0
github.com/uclaacm/teach-la-go-backend/db/program.go:284.20,286.10 2 0
github.com/uclaacm/teach-la-go-backend/db/program.go:289.35,291.4 1 0
github.com/uclaacm/teach-la-go-backend/db/program.go:299.17,301.4 1 0
github.com/uclaacm/teach-la-go-backend/db/program.go:303.51,305.4 1 0
github.com/uclaacm/teach-la-go-backend/db/program.go:306.27,308.18 2 0
github.com/uclaacm/teach-la-go-backend/db/program.go:311.4,314.19 2 0
github.com/uclaacm/teach-la-go-backend/db/program.go:308.18,310.5 1 0
github.com/uclaacm/teach-la-go-backend/db/program.go:314.19,316.5 1 0
github.com/uclaacm/teach-la-go-backend/db/program.go:320.48,322.4 1 0
github.com/uclaacm/teach-la-go-backend/db/program.go:325.16,326.41 1 0
github.com/uclaacm/teach-la-go-backend/db/program.go:329.3,329.120 1 0
github.com/uclaacm/teach-la-go-backend/db/program.go:326.41,328.4 1 0
github.com/uclaacm/teach-la-go-backend/db/program.go:344.48,350.66 2 0
github.com/uclaacm/teach-la-go-backend/db/program.go:353.2,353.38 1 0
github.com/uclaacm/teach-la-go-backend/db/program.go:357.2,358.108 2 0
github.com/uclaacm/teach-la-go-backend/db/program.go:388.2,388.16 1 0
github.com/uclaacm/teach-la-go-backend/db/program.go:395.2,395.50 1 0
github.com/uclaacm/teach-la-go-backend/db/program.go:350.66,352.3 1 0
github.com/uclaacm/teach-la-go-backend/db/program.go:353.38,355.3 1 0
github.com/uclaacm/teach-la-go-backend/db/program.go:358.108,362.17 4 0
github.com/uclaacm/teach-la-go-backend/db/program.go:367.3,368.54 2 0
github.com/uclaacm/teach-la-go-backend/db/program.go:373.3,375.17 3 0
github.com/uclaacm/teach-la-go-backend/db/program.go:378.3,378.45 1 0
github.com/uclaacm/teach-la-go-backend/db/program.go:382.3,383.61 2 0
github.com/uclaacm/teach-la-go-backend/db/program.go:386.3,386.38 1 0
github.com/uclaacm/teach-la-go-backend/db/program.go:362.17,364.4 1 0
github.com/uclaacm/teach-la-go-backend/db/program.go:368.54,370.4 1 0
github.com/uclaacm/teach-la-go-backend/db/program.go:375.17,377.4 1 0
github.com/uclaacm/teach-la-go-backend/db/program.go:378.45,380.4 1 0
github.com/uclaacm/teach-la-go-backend/db/program.go:383.61,385.4 1 0
github.com/uclaacm/teach-la-go-backend/db/program.go:388.16,389.41 1 0
github.com/uclaacm/teach-la-go-backend/db/program.go:392.3,392.102 1 0
github.com/uclaacm/teach-la-go-backend/db/program.go:389.41,391.4 1 0
github.com/uclaacm/teach-la-go-backend/db/user.go:31.55,36.9 2 4
github.com/uclaacm/teach-la-go-backend/db/user.go:45.2,45.10 1 4
github.com/uclaacm/teach-la-go-backend/db/user.go:37.27,38.77 1 1
github.com/uclaacm/teach-la-go-backend/db/user.go:39.25,40.73 1 1
github.com/uclaacm/teach-la-go-backend/db/user.go:41.28,42.93 1 1
github.com/uclaacm/teach-la-go-backend/db/user.go:54.44,65.15 3 0
github.com/uclaacm/teach-la-go-backend/db/user.go:70.2,71.16 2 0
github.com/uclaacm/teach-la-go-backend/db/user.go:74.2,74.51 1 0
github.com/uclaacm/teach-la-go-backend/db/user.go:79.2,79.36 1 0
github.com/uclaacm/teach-la-go-backend/db/user.go:95.2,95.37 1 0
github.com/uclaacm/teach-la-go-backend/db/user.go:65.15,67.3 1 0
github.com/uclaacm/teach-la-go-backend/db/user.go:71.16,73.3 1 0
github.com/uclaacm/teach-la-go-backend/db/user.go:74.51,76.3 1 0
github.com/uclaacm/teach-la-go-backend/db/user.go:79.36,80.44 1 0
github.com/uclaacm/teach-la-go-backend/db/user.go:80.44,85.18 3 0
github.com/uclaacm/teach-la-go-backend/db/user.go:88.4,88.51 1 0
github.com/uclaacm/teach-la-go-backend/db/user.go:92.4,92.34 1 0
github.com/uclaacm/teach-la-go-backend/db/user.go:85.18,86.13 1 0
github.com/uclaacm/teach-la-go-backend/db/user.go:88.51,89.13 1 0
github.com/uclaacm/teach-la-go-backend/db/user.go:108.47,111.72 2 0
github.com/uclaacm/teach-la-go-backend/db/user.go:115.2,116.15 2 0
github.com/uclaacm/teach-la-go-backend/db/user.go:119.2,119.35 1 0
github.com/uclaacm/teach-la-go-backend/db/user.go:123.2,123.108 1 0
github.com/uclaacm/teach-la-go-backend/db/user.go:127.2,127.16 1 0
github.com/uclaacm/teach-la-go-backend/db/user.go:134.2,134.61 1 0
github.com/uclaacm/teach-la-go-backend/db/user.go:111.72,113.3 1 0
github.com/uclaacm/teach-la-go-backend/db/user.go:116.15,118.3 1 0
github.com/uclaacm/teach-la-go-backend/db/user.go:119.35,121.3 1 0
github.com/uclaacm/teach-la-go-backend/db/user.go:123.108,126.3 2 0
github.com/uclaacm/teach-la-go-backend/db/user.go:127.16,128.41 1 0
github.com/uclaacm/teach-la-go-backend/db/user.go:131.3,131.106 1 0
github.com/uclaacm/teach-la-go-backend/db/user.go:128.41,130.4 1 0
github.com/uclaacm/teach-la-go-backend/db/user.go:147.47,152.66 2 0
github.com/uclaacm/teach-la-go-backend/db/user.go:157.2,158.20 2 0
github.com/uclaacm/teach-la-go-backend/db/user.go:163.2,166.108 3 0
github.com/uclaacm/teach-la-go-backend/db/user.go:189.2,189.16 1 0
github.com/uclaacm/teach-la-go-backend/db/user.go:196.2,196.45 1 0
github.com/uclaacm/teach-la-go-backend/db/user.go:152.66,154.3 1 0
github.com/uclaacm/teach-la-go-backend/db/user.go:158.20,160.3 1 0
github.com/uclaacm/teach-la-go-backend/db/user.go:166.108,169.24 2 0
github.com/uclaacm/teach-la-go-backend/db/user.go:174.3,174.33 1 0
github.com/uclaacm/teach-la-go-backend/db/user.go:186.3,187.33 2 0
github.com/uclaacm/teach-la-go-backend/db/user.go:169.24,171.4 1 0
github.com/uclaacm/teach-la-go-backend/db/user.go:174.33,177.51 2 0
github.com/uclaacm/teach-la-go-backend/db/user.go:182.4,182.59 1 0
github.com/uclaacm/teach-la-go-backend/db/user.go:177.51,179.5 1 0
github.com/uclaacm/teach-la-go-backend/db/user.go:189.16,190.64 1 0
github.com/uclaacm/teach-la-go-backend/db/user.go:193.3,193.101 1 0
github.com/uclaacm/teach-la-go-backend/db/user.go:190.64,192.4 1 0
github.com/uclaacm/teach-la-go-backend/db/user.go:208.47,212.65 2 0
github.com/uclaacm/teach-la-go-backend/db/user.go:215.2,215.19 1 0
github.com/uclaacm/teach-la-go-backend/db/user.go:218.2,220.108 2 0
github.com/uclaacm/teach-la-go-backend/db/user.go:241.2,241.16 1 0
github.com/uclaacm/teach-la-go-backend/db/user.go:247.2,247.61 1 0
github.com/uclaacm/teach-la-go-backend/db/user.go:212.65,214.3 1 0
github.com/uclaacm/teach-la-go-backend/db/user.go:215.19,217.3 1 0
github.com/uclaacm/teach-la-go-backend/db/user.go:220.108,222.17 2 0
github.com/uclaacm/teach-la-go-backend/db/user.go:226.3,227.47 2 0
github.com/uclaacm/teach-la-go-backend/db/user.go:231.3,231.37 1 0
github.com/uclaacm/teach-la-go-backend/db/user.go:239.3,239.28 1 0
github.com/uclaacm/teach-la-go-backend/db/user.go:222.17,224.4 1 0
github.com/uclaacm/teach-la-go-backend/db/user.go:227.47,229.4 1 0
github.com/uclaacm/teach-la-go-backend/db/user.go:231.37,234.83 2 0
github.com/uclaacm/teach-la-go-backend/db/user.go:234.83,236.5 1 0
github.com/uclaacm/teach-la-go-backend/db/user.go:241.16,242.41 1 0
github.com/uclaacm/teach-la-go-backend/db/user.go:245.3,245.101 1 0
github.com/uclaacm/teach-la-go-backend/db/user.go:242.41,244.4 1 0
github.com/uclaacm/teach-la-go-backend/db/alias_manager.go:35.65,44.33 3 0
github.com/uclaacm/teach-la-go-backend/db/alias_manager.go:55.2,55.12 1 0
github.com/uclaacm/teach-la-go-backend/db/alias_manager.go:44.33,50.17 2 0
github.com/uclaacm/teach-la-go-backend/db/alias_manager.go:50.17,52.4 1 0
github.com/uclaacm/teach-la-go-backend/db/alias_manager.go:60.69,70.6 5 0
github.com/uclaacm/teach-la-go-backend/db/alias_manager.go:95.2,95.23 1 0
github.com/uclaacm/teach-la-go-backend/db/alias_manager.go:100.2,101.23 2 0
github.com/uclaacm/teach-la-go-backend/db/alias_manager.go:106.2,106.16 1 0
github.com/uclaacm/teach-la-go-backend/db/alias_manager.go:109.2,118.23 4 0
github.com/uclaacm/teach-la-go-backend/db/alias_manager.go:129.2,138.90 4 0
github.com/uclaacm/teach-la-go-backend/db/alias_manager.go:168.2,168.16 1 0
github.com/uclaacm/teach-la-go-backend/db/alias_manager.go:172.2,176.17 3 0
github.com/uclaacm/teach-la-go-backend/db/alias_manager.go:70.6,73.25 2 0
github.com/uclaacm/teach-la-go-backend/db/alias_manager.go:77.3,77.15 1 0
github.com/uclaacm/teach-la-go-backend/db/alias_manager.go:84.3,85.6 2 0
github.com/uclaacm/teach-la-go-backend/db/alias_manager.go:73.25,74.9 1 0
github.com/uclaacm/teach-la-go-backend/db/alias_manager.go:77.15,79.4 1 0
github.com/uclaacm/teach-la-go-backend/db/alias_manager.go:95.23,97.3 1 0
github.com/uclaacm/teach-la-go-backend/db/alias_manager.go:101.23,103.3 1 0
github.com/uclaacm/teach-la-go-backend/db/alias_manager.go:106.16,108.3 1 0
github.com/uclaacm/teach-la-go-backend/db/alias_manager.go:118.23,122.23 2 0
github.com/uclaacm/teach-la-go-backend/db/alias_manager.go:122.23,124.9 2 0
github.com/uclaacm/teach-la-go-backend/db/alias_manager.go:138.90,142.17 2 0
github.com/uclaacm/teach-la-go-backend/db/alias_manager.go:146.3,147.17 2 0
github.com/uclaacm/teach-la-go-backend/db/alias_manager.go:151.3,153.22 2 0
github.com/uclaacm/teach-la-go-backend/db/alias_manager.go:157.3,161.17 2 0
github.com/uclaacm/teach-la-go-backend/db/alias_manager.go:165.3,165.13 1 0
github.com/uclaacm/teach-la-go-backend/db/alias_manager.go:142.17,144.4 1 0
github.com/uclaacm/teach-la-go-backend/db/alias_manager.go:147.17,149.4 1 0
github.com/uclaacm/teach-la-go-backend/db/alias_manager.go:153.22,155.4 1 0
github.com/uclaacm/teach-la-go-backend/db/alias_manager.go:161.17,163.4 1 0
github.com/uclaacm/teach-la-go-backend/db/alias_manager.go:168.16,170.3 1 0
github.com/uclaacm/teach-la-go-backend/db/alias_manager.go:182.86,186.16 2 0
github.com/uclaacm/teach-la-go-backend/db/alias_manager.go:191.2,203.40 5 0
github.com/uclaacm/teach-la-go-backend/db/alias_manager.go:186.16,188.3 1 0
github.com/uclaacm/teach-la-go-backend/db/alias_manager.go:207.90,211.16 2 0
github.com/uclaacm/teach-la-go-backend/db/alias_manager.go:215.2,221.22 3 0
github.com/uclaacm/teach-la-go-backend/db/alias_manager.go:211.16,213.3 1 0
github.com/uclaacm/teach-la-go-backend/db/class.go:32.80,37.90 2 0
github.com/uclaacm/teach-la-go-backend/db/class.go:37.90,41.3 1 0
github.com/uclaacm/teach-la-go-backend/db/class.go:45.80,50.90 2 0
github.com/uclaacm/teach-la-go-backend/db/class.go:50.90,54.3 1 0
github.com/uclaacm/teach-la-go-backend/db/class.go:58.85,63.90 2 0
github.com/uclaacm/teach-la-go-backend/db/class.go:63.90,67.3 1 0
github.com/uclaacm/teach-la-go-backend/db/class.go:71.85,76.90 2 0
github.com/uclaacm/teach-la-go-backend/db/class.go:76.90,80.3 1 0
github.com/uclaacm/teach-la-go-backend/db/class.go:86.73,89.16 2 0
github.com/uclaacm/teach-la-go-backend/db/class.go:94.2,95.39 2 0
github.com/uclaacm/teach-la-go-backend/db/class.go:98.2,98.15 1 0
github.com/uclaacm/teach-la-go-backend/db/class.go:89.16,91.3 1 0
github.com/uclaacm/teach-la-go-backend/db/class.go:95.39,97.3 1 0
github.com/uclaacm/teach-la-go-backend/db/class.go:104.48,113.65 2 0
github.com/uclaacm/teach-la-go-backend/db/class.go:117.2,117.9 1 0
github.com/uclaacm/teach-la-go-backend/db/class.go:127.2,137.108 2 0
github.com/uclaacm/teach-la-go-backend/db/class.go:142.2,142.16 1 0
github.com/uclaacm/teach-la-go-backend/db/class.go:147.2,148.16 2 0
github.com/uclaacm/teach-la-go-backend/db/class.go:152.2,152.111 1 0
github.com/uclaacm/teach-la-go-backend/db/class.go:162.2,166.16 3 0
github.com/uclaacm/teach-la-go-backend/db/class.go:171.2,171.37 1 0
github.com/uclaacm/teach-la-go-backend/db/class.go:113.65,115.3 1 0
github.com/uclaacm/teach-la-go-backend/db/class.go:118.21,119.60 1 0
github.com/uclaacm/teach-la-go-backend/db/class.go:120.22,121.67 1 0
github.com/uclaacm/teach-la-go-backend/db/class.go:122.60,123.61 1 0
github.com/uclaacm/teach-la-go-backend/db/class.go:137.108,141.3 3 0
github.com/uclaacm/teach-la-go-backend/db/class.go:142.16,144.3 1 0
github.com/uclaacm/teach-la-go-backend/db/class.go:148.16,150.3 1 0
github.com/uclaacm/teach-la-go-backend/db/class.go:152.111,158.3 2 0
github.com/uclaacm/teach-la-go-backend/db/class.go:158.17,160.3 1 0
github.com/uclaacm/teach-la-go-backend/db/class.go:166.16,168.3 1 0
github.com/uclaacm/teach-la-go-backend/db/class.go:177.45,191.65 2 0
github.com/uclaacm/teach-la-go-backend/db/class.go:194.2,194.36 1 0
github.com/uclaacm/teach-la-go-backend/db/class.go:197.2,202.36 4 0
github.com/uclaacm/teach-la-go-backend/db/class.go:207.2,208.32 2 0
github.com/uclaacm/teach-la-go-backend/db/class.go:214.2,214.36 1 0
github.com/uclaacm/teach-la-go-backend/db/class.go:222.2,222.11 1 0
github.com/uclaacm/teach-la-go-backend/db/class.go:227.2,228.28 2 0
github.com/uclaacm/teach-la-go-backend/db/class.go:233.2,233.36 1 0
github.com/uclaacm/teach-la-go-backend/db/class.go:249.2,249.109 1 0
github.com/uclaacm/teach-la-go-backend/db/class.go:267.2,267.35 1 0
github.com/uclaacm/teach-la-go-backend/db/class.go:191.65,193.3 1 0
github.com/uclaacm/teach-la-go-backend/db/class.go:194.36,196.3 1 0
github.com/uclaacm/teach-la-go-backend/db/class.go:202.36,204.3 1 0
github.com/uclaacm/teach-la-go-backend/db/class.go:208.32,209.15 1 0
github.com/uclaacm/teach-la-go-backend/db/class.go:209.15,211.9 2 0
github.com/uclaacm/teach-la-go-backend/db/class.go:214.36,215.15 1 0
github.com/uclaacm/teach-la-go-backend/db/class.go:215.15,217.9 2 0
github.com/uclaacm/teach-la-go-backend/db/class.go:222.11,224.3 1 0
github.com/uclaacm/teach-la-go-backend/db/class.go:228.28,230.3 1 0
github.com/uclaacm/teach-la-go-backend/db/class.go:233.36,236.17 2 0
github.com/uclaacm/teach-la-go-backend/db/class.go:240.3,241.45 2 0
github.com/uclaacm/teach-la-go-backend/db/class.go:245.3,245.47 1 0
github.com/uclaacm/teach-la-go-backend/db/class.go:236.17,237.12 1 0
github.com/uclaacm/teach-la-go-backend/db/class.go:241.45,242.12 1 0
github.com/uclaacm/teach-la-go-backend/db/class.go:249.109,250.41 1 0
github.com/uclaacm/teach-la-go-backend/db/class.go:250.41,252.18 2 0
github.com/uclaacm/teach-la-go-backend/db/class.go:256.4,258.18 3 0
github.com/uclaacm/teach-la-go-backend/db/class.go:262.4,262.31 1 0
github.com/uclaacm/teach-la-go-backend/db/class.go:252.18,253.13 1 0
github.com/uclaacm/teach-la-go-backend/db/class.go:258.18,259.13 1 0
github.com/uclaacm/teach-la-go-backend/db/class.go:273.46,280.65 2 0
github.com/uclaacm/teach-la-go-backend/db/class.go:283.2,283.19 1 0
github.com/uclaacm/teach-la-go-backend/db/class.go:286.2,286.19 1 0
github.com/uclaacm/teach-la-go-backend/db/class.go:291.2,292.32 2 0
github.com/uclaacm/teach-la-go-backend/db/class.go:297.2,297.111 1 0
github.com/uclaacm/teach-la-go-backend/db/class.go:311.2,312.16 2 0
github.com/uclaacm/teach-la-go-backend/db/class.go:317.2,318.16 2 0
github.com/uclaacm/teach-la-go-backend/db/class.go:322.2,322.37 1 0
github.com/uclaacm/teach-la-go-backend/db/class.go:280.65,282.3 1 0
github.com/uclaacm/teach-la-go-backend/db/class.go:283.19,285.3 1 0
github.com/uclaacm/teach-la-go-backend/db/class.go:286.19,288.3 1 0
github.com/uclaacm/teach-la-go-backend/db/class.go:292.32,294.3 1 0
github.com/uclaacm/teach-la-go-backend/db/class.go:297.111,299.17 2 0
github.com/uclaacm/teach-la-go-backend/db/class.go:302.3,302.24 1 0
github.com/uclaacm/teach-la-go-backend/db/class.go:305.3,305.13 1 0
github.com/uclaacm/teach-la-go-backend/db/class.go:299.17,301.4 1 0
github.com/uclaacm/teach-la-go-backend/db/class.go:302.24,304.4 1 0
github.com/uclaacm/teach-la-go-backend/db/class.go:306.17,308.3 1 0
github.com/uclaacm/teach-la-go-backend/db/class.go:312.16,314.3 1 0
github.com/uclaacm/teach-la-go-backend/db/class.go:318.16,320.3 1 0
github.com/uclaacm/teach-la-go-backend/db/class.go:327.47,333.65 2 0
github.com/uclaacm/teach-la-go-backend/db/class.go:336.2,336.19 1 0
github.com/uclaacm/teach-la-go-backend/db/class.go:339.2,339.19 1 0
github.com/uclaacm/teach-la-go-backend/db/class.go:343.2,344.32 2 0
github.com/uclaacm/teach-la-go-backend/db/class.go:349.2,349.107 1 0
github.com/uclaacm/teach-la-go-backend/db/class.go:356.2,356.16 1 0
github.com/uclaacm/teach-la-go-backend/db/class.go:364.2,365.16 2 0
github.com/uclaacm/teach-la-go-backend/db/class.go:370.2,371.16 2 0
github.com/uclaacm/teach-la-go-backend/db/class.go:376.2,376.36 1 0
github.com/uclaacm/teach-la-go-backend/db/class.go:333.65,335.3 1 0
github.com/uclaacm/teach-la-go-backend/db/class.go:336.19,338.3 1 0
github.com/uclaacm/teach-la-go-backend/db/class.go:339.19,341.3 1 0
github.com/uclaacm/teach-la-go-backend/db/class.go:344.32,346.3 1 0
github.com/uclaacm/teach-la-go-backend/db/class.go:349.107,351.17 2 0
github.com/uclaacm/teach-la-go-backend/db/class.go:354.3,354.13 1 0
github.com/uclaacm/teach-la-go-backend/db/class.go:351.17,353.4 1 0
github.com/uclaacm/teach-la-go-backend/db/class.go:356.16,357.41 1 0
github.com/uclaacm/teach-la-go-backend/db/class.go:360.3,360.106 1 0
github.com/uclaacm/teach-la-go-backend/db/class.go:357.41,359.4 1 0
github.com/uclaacm/teach-la-go-backend/db/class.go:365.16,367.3 1 0
github.com/uclaacm/teach-la-go-backend/db/class.go:371.16,373.3 1 0
github.com/uclaacm/teach-la-go-backend/db/class.go:383.48,387.65 2 0
github.com/uclaacm/teach-la-go-backend/db/class.go:390.2,390.19 1 0
github.com/uclaacm/teach-la-go-backend/db/class.go:393.2,395.108 2 0
github.com/uclaacm/teach-la-go-backend/db/class.go:415.2,415.16 1 0
github.com/uclaacm/teach-la-go-backend/db/class.go:422.2,422.36 1 0
github.com/uclaacm/teach-la-go-backend/db/class.go:387.65,389.3 1 0
github.com/uclaacm/teach-la-go-backend/db/class.go:390.19,392.3 1 0
github.com/uclaacm/teach-la-go-backend/db/class.go:395.108,397.17 2 0
github.com/uclaacm/teach-la-go-backend/db/class.go:401.3,402.50 2 0
github.com/uclaacm/teach-la-go-backend/db/class.go:405.3,405.39 1 0
github.com/uclaacm/teach-la-go-backend/db/class.go:413.3,413.29 1 0
github.com/uclaacm/teach-la-go-backend/db/class.go:397.17,399.4 1 0
github.com/uclaacm/teach-la-go-backend/db/class.go:402.50,404.4 1 0
github.com/uclaacm/teach-la-go-backend/db/class.go:405.39,408.69 2 0
github.com/uclaacm/teach-la-go-backend/db/class.go:408.69,410.5 1 0
github.com/uclaacm/teach-la-go-backend/db/class.go:415.16,416.41 1 0
github.com/uclaacm/teach-la-go-backend/db/class.go:419.3,419.102 1 0
github.com/uclaacm/teach-la-go-backend/db/class.go:416.41,418.4 1 0
github.com/uclaacm/teach-la-go-backend/db/class.go:427.52,433.65 2 0
github.com/uclaacm/teach-la-go-backend/db/class.go:436.2,436.36 1 0
github.com/uclaacm/teach-la-go-backend/db/class.go:439.2,444.32 4 0
github.com/uclaacm/teach-la-go-backend/db/class.go:449.2,450.34 2 0
github.com/uclaacm/teach-la-go-backend/db/class.go:457.2,457.11 1 0
github.com/uclaacm/teach-la-go-backend/db/class.go:461.2,463.36 2 0
github.com/uclaacm/teach-la-go-backend/db/class.go:479.2,479.35 1 0
github.com/uclaacm/teach-la-go-backend/db/class.go:433.65,435.3 1 0
github.com/uclaacm/teach-la-go-backend/db/class.go:436.36,438.3 1 0
github.com/uclaacm/teach-la-go-backend/db/class.go:444.32,446.3 1 0
github.com/uclaacm/teach-la-go-backend/db/class.go:450.34,451.15 1 0
github.com/uclaacm/teach-la-go-backend/db/class.go:451.15,453.9 2 0
github.com/uclaacm/teach-la-go-backend/db/class.go:457.11,459.3 1 0
github.com/uclaacm/teach-la-go-backend/db/class.go:463.36,465.17 2 0
github.com/uclaacm/teach-la-go-backend/db/class.go:469.3,471.17 3 0
github.com/uclaacm/teach-la-go-backend/db/class.go:475.3,475.21 1 0
github.com/uclaacm/teach-la-go-backend/db/class.go:465.17,466.12 1 0
github.com/uclaacm/teach-la-go-backend/db/class.go:471.17,472.12 1 0
github.com/uclaacm/teach-la-go-backend/db/collab.go:44.13,46.2 1 1
github.com/uclaacm/teach-la-go-backend/db/collab.go:48.67,51.25 3 0
github.com/uclaacm/teach-la-go-backend/db/collab.go:54.2,56.12 3 0
github.com/uclaacm/teach-la-go-backend/db/collab.go:51.25,53.3 1 0
github.com/uclaacm/teach-la-go-backend/db/collab.go:59.48,62.25 3 0
github.com/uclaacm/teach-la-go-backend/db/collab.go:65.2,67.31 2 0
github.com/uclaacm/teach-la-go-backend/db/collab.go:70.2,70.12 1 0
github.com/uclaacm/teach-la-go-backend/db/collab.go:62.25,64.3 1 0
github.com/uclaacm/teach-la-go-backend/db/collab.go:67.31,69.3 1 0
github.com/uclaacm/teach-la-go-backend/db/collab.go:74.61,77.31 3 0
github.com/uclaacm/teach-la-go-backend/db/collab.go:82.2,82.8 1 0
github.com/uclaacm/teach-la-go-backend/db/collab.go:77.31,78.61 1 0
github.com/uclaacm/teach-la-go-backend/db/collab.go:78.61,80.4 1 0
github.com/uclaacm/teach-la-go-backend/db/collab.go:87.64,93.71 2 0
github.com/uclaacm/teach-la-go-backend/db/collab.go:96.2,96.12 1 0
github.com/uclaacm/teach-la-go-backend/db/collab.go:93.71,95.3 1 0
github.com/uclaacm/teach-la-go-backend/db/collab.go:101.76,104.27 3 0
github.com/uclaacm/teach-la-go-backend/db/collab.go:109.2,109.8 1 0
github.com/uclaacm/teach-la-go-backend/db/collab.go:104.27,105.69 1 0
github.com/uclaacm/teach-la-go-backend/db/collab.go:105.69,107.4 1 0
github.com/uclaacm/teach-la-go-backend/db/collab.go:114.79,117.24 3 0
github.com/uclaacm/teach-la-go-backend/db/collab.go:122.2,122.8 1 0
github.com/uclaacm/teach-la-go-backend/db/collab.go:117.24,118.69 1 0
github.com/uclaacm/teach-la-go-backend/db/collab.go:118.69,120.4 1 0
github.com/uclaacm/teach-la-go-backend/db/collab.go:125.64,128.29 3 0
github.com/uclaacm/teach-la-go-backend/db/collab.go:137.2,137.12 1 0
github.com/uclaacm/teach-la-go-backend/db/collab.go:128.29,129.42 1 0
github.com/uclaacm/teach-la-go-backend/db/collab.go:129.42,131.4 1 0
github.com/uclaacm/teach-la-go-backend/db/collab.go:131.9,133.4 1 0
github.com/uclaacm/teach-la-go-backend/db/collab.go:134.8,136.3 1 0
github.com/uclaacm/teach-la-go-backend/db/collab.go:148.49,153.66 2 0
github.com/uclaacm/teach-la-go-backend/db/collab.go:157.2,158.21 2 0
github.com/uclaacm/teach-la-go-backend/db/collab.go:162.2,162.38 1 0
github.com/uclaacm/teach-la-go-backend/db/collab.go:166.2,173.12 4 0
github.com/uclaacm/teach-la-go-backend/db/collab.go:188.2,188.48 1 0
github.com/uclaacm/teach-la-go-backend/db/collab.go:153.66,155.3 1 0
github.com/uclaacm/teach-la-go-backend/db/collab.go:158.21,160.3 1 0
github.com/uclaacm/teach-la-go-backend/db/collab.go:162.38,164.3 1 0
github.com/uclaacm/teach-la-go-backend/db/collab.go:173.12,175.22 2 0
github.com/uclaacm/teach-la-go-backend/db/collab.go:175.22,177.73 2 0
github.com/uclaacm/teach-la-go-backend/db/collab.go:184.4,184.25 1 0
github.com/uclaacm/teach-la-go-backend/db/collab.go:177.73,183.5 5 0
github.com/uclaacm/teach-la-go-backend/db/collab.go:191.47,196.9 4 0
github.com/uclaacm/teach-la-go-backend/db/collab.go:200.2,200.45 1 0
github.com/uclaacm/teach-la-go-backend/db/collab.go:244.2,244.12 1 0
github.com/uclaacm/teach-la-go-backend/db/collab.go:196.9,198.3 1 0
github.com/uclaacm/teach-la-go-backend/db/collab.go:200.45,201.50 1 0
github.com/uclaacm/teach-la-go-backend/db/collab.go:204.3,204.30 1 0
github.com/uclaacm/teach-la-go-backend/db/collab.go:216.3,216.7 1 0
github.com/uclaacm/teach-la-go-backend/db/collab.go:201.50,203.4 1 0
github.com/uclaacm/teach-la-go-backend/db/collab.go:204.30,206.17 2 0
github.com/uclaacm/teach-la-go-backend/db/collab.go:206.17,207.32 1 0
github.com/uclaacm/teach-la-go-backend/db/collab.go:207.32,209.35 1 0
github.com/uclaacm/teach-la-go-backend/db/collab.go:209.35,211.7 1 0
github.com/uclaacm/teach-la-go-backend/db/collab.go:216.7,219.59 2 0
github.com/uclaacm/teach-la-go-backend/db/collab.go:231.4,231.20 1 0
github.com/uclaacm/teach-la-go-backend/db/collab.go:219.59,220.68 1 0
github.com/uclaacm/teach-la-go-backend/db/collab.go:224.5,224.63 1 0
github.com/uclaacm/teach-la-go-backend/db/collab.go:228.5,228.10 1 0
github.com/uclaacm/teach-la-go-backend/db/collab.go:220.68,221.11 1 0
github.com/uclaacm/teach-la-go-backend/db/collab.go:224.63,225.11 1 0
github.com/uclaacm/teach-la-go-backend/db/collab.go:232.21,233.59 1 0
github.com/uclaacm/teach-la-go-backend/db/collab.go:236.12,237.89 1 0
github.com/uclaacm/teach-la-go-backend/db/collab.go:233.59,234.11 1 0
github.com/uclaacm/teach-la-go-backend/db/collab.go:237.89,238.11 1 0
github.com/uclaacm/teach-la-go-backend/db/constants.go:49.38,50.18 1 7
github.com/uclaacm/teach-la-go-backend/db/constants.go:51.14,52.18 1 2
github.com/uclaacm/teach-la-go-backend/db/constants.go:53.18,54.22 1 2
github.com/uclaacm/teach-la-go-backend/db/constants.go:55.12,56.16 1 2
github.com/uclaacm/teach-la-go-backend/db/constants.go:57.13,58.17 1 1
github.com/uclaacm/teach-la-go-backend/db/constants.go:59.10,60.15 1 0
github.com/uclaacm/teach-la-go-backend/db/constants.go:67.60,70.18 2 8
github.com/uclaacm/teach-la-go-backend/db/constants.go:83.2,88.20 6 7
github.com/uclaacm/teach-la-go-backend/db/constants.go:71.16,72.150 1 2
github.com/uclaacm/teach-la-go-backend/db/constants.go:73.20,74.149 1 2
github.com/uclaacm/teach-la-go-backend/db/constants.go:75.14,76.160 1 2
github.com/uclaacm/teach-la-go-backend/db/constants.go:77.15,78.326 1 1
github.com/uclaacm/teach-la-go-backend/db/constants.go:79.10,80.19 1 1
github.com/uclaacm/teach-la-go-backend/db/constants.go:96.38,98.38 2 1
github.com/uclaacm/teach-la-go-backend/db/constants.go:102.2,106.24 2 1
github.com/uclaacm/teach-la-go-backend/db/constants.go:98.38,100.3 1 4
